C:\DOCUMENTS AND SETTINGS\PAUL\DESKTOP\HAL_V3_2\HAL_V3_2\DEBUG\HAL.EXE
C:\DOCUMENTS AND SETTINGS\PAUL\DESKTOP\HAL_V3_2\HAL_V3_2\DEBUG\HAL.PDB
C:\DOCUMENTS AND SETTINGS\PAUL\DESKTOP\HAL_V3_2\HAL_V3_2\HAL_V2\DEBUG\AUDIO.OBJ
C:\DOCUMENTS AND SETTINGS\PAUL\DESKTOP\HAL_V3_2\HAL_V3_2\HAL_V2\DEBUG\DATAHEADER.OBJ
C:\DOCUMENTS AND SETTINGS\PAUL\DESKTOP\HAL_V3_2\HAL_V3_2\HAL_V2\DEBUG\DRAWBMP.OBJ
C:\DOCUMENTS AND SETTINGS\PAUL\DESKTOP\HAL_V3_2\HAL_V3_2\HAL_V2\DEBUG\EASYBMP.OBJ
C:\DOCUMENTS AND SETTINGS\PAUL\DESKTOP\HAL_V3_2\HAL_V3_2\HAL_V2\DEBUG\FILEHEADER.OBJ
C:\DOCUMENTS AND SETTINGS\PAUL\DESKTOP\HAL_V3_2\HAL_V3_2\HAL_V2\DEBUG\FORMATHEADER.OBJ
C:\DOCUMENTS AND SETTINGS\PAUL\DESKTOP\HAL_V3_2\HAL_V3_2\HAL_V2\DEBUG\HAL.EXE.INTERMEDIATE.MANIFEST
C:\DOCUMENTS AND SETTINGS\PAUL\DESKTOP\HAL_V3_2\HAL_V3_2\HAL_V2\DEBUG\HAL_UTILITIES.OBJ
C:\DOCUMENTS AND SETTINGS\PAUL\DESKTOP\HAL_V3_2\HAL_V3_2\HAL_V2\DEBUG\HALBITMAP.OBJ
C:\DOCUMENTS AND SETTINGS\PAUL\DESKTOP\HAL_V3_2\HAL_V3_2\HAL_V2\DEBUG\MAIN.OBJ
C:\DOCUMENTS AND SETTINGS\PAUL\DESKTOP\HAL_V3_2\HAL_V3_2\HAL_V2\DEBUG\MIDI.OBJ
C:\DOCUMENTS AND SETTINGS\PAUL\DESKTOP\HAL_V3_2\HAL_V3_2\HAL_V2\DEBUG\PA_CONVERT.OBJ
C:\DOCUMENTS AND SETTINGS\PAUL\DESKTOP\HAL_V3_2\HAL_V3_2\HAL_V2\DEBUG\PA_LIB.OBJ
C:\DOCUMENTS AND SETTINGS\PAUL\DESKTOP\HAL_V3_2\HAL_V3_2\HAL_V2\DEBUG\PA_TRACE.OBJ
C:\DOCUMENTS AND SETTINGS\PAUL\DESKTOP\HAL_V3_2\HAL_V3_2\HAL_V2\DEBUG\PA_WIN_WMME.OBJ
C:\DOCUMENTS AND SETTINGS\PAUL\DESKTOP\HAL_V3_2\HAL_V3_2\HAL_V2\DEBUG\PLAYWAVFILE.OBJ
C:\DOCUMENTS AND SETTINGS\PAUL\DESKTOP\HAL_V3_2\HAL_V3_2\HAL_V2\DEBUG\PMWIN.OBJ
C:\DOCUMENTS AND SETTINGS\PAUL\DESKTOP\HAL_V3_2\HAL_V3_2\HAL_V2\DEBUG\PMWINMM.OBJ
C:\DOCUMENTS AND SETTINGS\PAUL\DESKTOP\HAL_V3_2\HAL_V3_2\HAL_V2\DEBUG\PORTMIDI.OBJ
C:\DOCUMENTS AND SETTINGS\PAUL\DESKTOP\HAL_V3_2\HAL_V3_2\HAL_V2\DEBUG\PORTTIME.OBJ
C:\DOCUMENTS AND SETTINGS\PAUL\DESKTOP\HAL_V3_2\HAL_V3_2\HAL_V2\DEBUG\PTWINMM.OBJ
C:\DOCUMENTS AND SETTINGS\PAUL\DESKTOP\HAL_V3_2\HAL_V3_2\HAL_V2\DEBUG\SINE.OBJ
C:\DOCUMENTS AND SETTINGS\PAUL\DESKTOP\HAL_V3_2\HAL_V3_2\HAL_V2\DEBUG\VC100.PDB
C:\DOCUMENTS AND SETTINGS\PAUL\DESKTOP\HAL_V3_2\HAL_V3_2\HAL_V2\DEBUG\WAVFILE.OBJ
C:\DOCUMENTS AND SETTINGS\PAUL\DESKTOP\HAL_V3_3\HAL_V3_2\DEBUG\HAL.EXE
C:\DOCUMENTS AND SETTINGS\PAUL\DESKTOP\HAL_V3_3\HAL_V3_2\DEBUG\HAL.PDB
C:\DOCUMENTS AND SETTINGS\PAUL\DESKTOP\HAL_V3_3\HAL_V3_2\HAL_V2\DEBUG\AUDIO.OBJ
C:\Documents and Settings\Paul\Desktop\HAL_V3_3\HAL_V3_2\HAL_V2\Debug\cl.command.1.tlog
C:\Documents and Settings\Paul\Desktop\HAL_V3_3\HAL_V3_2\HAL_V2\Debug\CL.read.1.tlog
C:\Documents and Settings\Paul\Desktop\HAL_V3_3\HAL_V3_2\HAL_V2\Debug\CL.write.1.tlog
C:\DOCUMENTS AND SETTINGS\PAUL\DESKTOP\HAL_V3_3\HAL_V3_2\HAL_V2\DEBUG\DATAHEADER.OBJ
C:\DOCUMENTS AND SETTINGS\PAUL\DESKTOP\HAL_V3_3\HAL_V3_2\HAL_V2\DEBUG\DRAWBMP.OBJ
C:\DOCUMENTS AND SETTINGS\PAUL\DESKTOP\HAL_V3_3\HAL_V3_2\HAL_V2\DEBUG\EASYBMP.OBJ
C:\DOCUMENTS AND SETTINGS\PAUL\DESKTOP\HAL_V3_3\HAL_V3_2\HAL_V2\DEBUG\FILEHEADER.OBJ
C:\DOCUMENTS AND SETTINGS\PAUL\DESKTOP\HAL_V3_3\HAL_V3_2\HAL_V2\DEBUG\FORMATHEADER.OBJ
C:\Documents and Settings\Paul\Desktop\HAL_V3_3\HAL_V3_2\HAL_V2\Debug\HAL.exe.embed.manifest
C:\Documents and Settings\Paul\Desktop\HAL_V3_3\HAL_V3_2\HAL_V2\Debug\HAL.exe.embed.manifest.res
C:\DOCUMENTS AND SETTINGS\PAUL\DESKTOP\HAL_V3_3\HAL_V3_2\HAL_V2\DEBUG\HAL.EXE.INTERMEDIATE.MANIFEST
C:\DOCUMENTS AND SETTINGS\PAUL\DESKTOP\HAL_V3_3\HAL_V3_2\HAL_V2\DEBUG\HAL_UTILITIES.OBJ
C:\DOCUMENTS AND SETTINGS\PAUL\DESKTOP\HAL_V3_3\HAL_V3_2\HAL_V2\DEBUG\HALBITMAP.OBJ
C:\Documents and Settings\Paul\Desktop\HAL_V3_3\HAL_V3_2\HAL_V2\Debug\link.command.1.tlog
C:\Documents and Settings\Paul\Desktop\HAL_V3_3\HAL_V3_2\HAL_V2\Debug\link.read.1.tlog
C:\Documents and Settings\Paul\Desktop\HAL_V3_3\HAL_V3_2\HAL_V2\Debug\link.write.1.tlog
C:\DOCUMENTS AND SETTINGS\PAUL\DESKTOP\HAL_V3_3\HAL_V3_2\HAL_V2\DEBUG\MAIN.OBJ
C:\DOCUMENTS AND SETTINGS\PAUL\DESKTOP\HAL_V3_3\HAL_V3_2\HAL_V2\DEBUG\MIDI.OBJ
C:\Documents and Settings\Paul\Desktop\HAL_V3_3\HAL_V3_2\HAL_V2\Debug\mt.command.1.tlog
C:\Documents and Settings\Paul\Desktop\HAL_V3_3\HAL_V3_2\HAL_V2\Debug\mt.read.1.tlog
C:\Documents and Settings\Paul\Desktop\HAL_V3_3\HAL_V3_2\HAL_V2\Debug\mt.write.1.tlog
C:\DOCUMENTS AND SETTINGS\PAUL\DESKTOP\HAL_V3_3\HAL_V3_2\HAL_V2\DEBUG\PA_CONVERT.OBJ
C:\DOCUMENTS AND SETTINGS\PAUL\DESKTOP\HAL_V3_3\HAL_V3_2\HAL_V2\DEBUG\PA_LIB.OBJ
C:\DOCUMENTS AND SETTINGS\PAUL\DESKTOP\HAL_V3_3\HAL_V3_2\HAL_V2\DEBUG\PA_TRACE.OBJ
C:\DOCUMENTS AND SETTINGS\PAUL\DESKTOP\HAL_V3_3\HAL_V3_2\HAL_V2\DEBUG\PA_WIN_WMME.OBJ
C:\DOCUMENTS AND SETTINGS\PAUL\DESKTOP\HAL_V3_3\HAL_V3_2\HAL_V2\DEBUG\PLAYWAVFILE.OBJ
C:\DOCUMENTS AND SETTINGS\PAUL\DESKTOP\HAL_V3_3\HAL_V3_2\HAL_V2\DEBUG\PMWIN.OBJ
C:\DOCUMENTS AND SETTINGS\PAUL\DESKTOP\HAL_V3_3\HAL_V3_2\HAL_V2\DEBUG\PMWINMM.OBJ
C:\DOCUMENTS AND SETTINGS\PAUL\DESKTOP\HAL_V3_3\HAL_V3_2\HAL_V2\DEBUG\PORTMIDI.OBJ
C:\DOCUMENTS AND SETTINGS\PAUL\DESKTOP\HAL_V3_3\HAL_V3_2\HAL_V2\DEBUG\PORTTIME.OBJ
C:\DOCUMENTS AND SETTINGS\PAUL\DESKTOP\HAL_V3_3\HAL_V3_2\HAL_V2\DEBUG\PTWINMM.OBJ
C:\DOCUMENTS AND SETTINGS\PAUL\DESKTOP\HAL_V3_3\HAL_V3_2\HAL_V2\DEBUG\SINE.OBJ
C:\Documents and Settings\Paul\Desktop\HAL_V3_3\HAL_V3_2\HAL_V2\Debug\vc100.idb
C:\DOCUMENTS AND SETTINGS\PAUL\DESKTOP\HAL_V3_3\HAL_V3_2\HAL_V2\DEBUG\VC100.PDB
C:\Documents and Settings\Paul\Desktop\HAL_V3_3\HAL_V3_2\HAL_V2\Debug\vc80.idb
C:\Documents and Settings\Paul\Desktop\HAL_V3_3\HAL_V3_2\HAL_V2\Debug\vc80.pdb
C:\Documents and Settings\Paul\Desktop\HAL_V3_3\HAL_V3_2\HAL_V2\Debug\vc90.idb
C:\Documents and Settings\Paul\Desktop\HAL_V3_3\HAL_V3_2\HAL_V2\Debug\vc90.pdb
C:\DOCUMENTS AND SETTINGS\PAUL\DESKTOP\HAL_V3_3\HAL_V3_2\HAL_V2\DEBUG\WAVFILE.OBJ
